<?xml version="1.0" encoding="UTF-8"?>
<!-- Generated by org.testng.reporters.JUnitXMLReporter -->
<testsuite ignored="0" hostname="LAPTOP-GOS6NKMF" failures="0" tests="5" name="Test" time="89.035" errors="0" timestamp="2023-01-04T14:21:29 IST">
  <testcase classname="ai.DS.apps.Testlayer.LoginpageTest" name="VerifyLogin" time="5.037"/>
  <testcase classname="ai.DS.apps.Testlayer.BuyatLongtermCustom" name="verifyBuy2" time="11.372"/>
  <testcase classname="ai.DS.apps.Testlayer.BuyFuctionalityScenario" name="verifyBuyFuctionality" time="11.107"/>
  <testcase classname="ai.DS.apps.Testlayer.SellFuctionality" name="verifySellatIntraday" time="11.347"/>
  <testcase classname="ai.DS.apps.Testlayer.BuyatIntradayMarket" name="VerifyBuyatIntradayMarket" time="10.581"/>
</testsuite> <!-- Test -->
