<?xml version="1.0" encoding="UTF-8"?>
<testng-results ignored="0" total="1" passed="1" failed="0" skipped="0">
  <reporter-output>
  </reporter-output>
  <suite started-at="2023-01-06T18:39:37 IST" name="Default suite" finished-at="2023-01-06T18:39:37 IST" duration-ms="80">
    <groups>
    </groups>
    <test started-at="2023-01-06T18:39:37 IST" name="Default test" finished-at="2023-01-06T18:39:37 IST" duration-ms="80">
      <class name="ai.DS.apps.Testlayer.SampleClass">
        <test-method signature="sample1()[pri:0, instance:ai.DS.apps.Testlayer.SampleClass@1dde4cb2]" started-at="2023-01-06T18:39:37 IST" name="sample1" finished-at="2023-01-06T18:39:37 IST" duration-ms="19" status="PASS">
          <reporter-output>
          </reporter-output>
        </test-method> <!-- sample1 -->
      </class> <!-- ai.DS.apps.Testlayer.SampleClass -->
    </test> <!-- Default test -->
  </suite> <!-- Default suite -->
</testng-results>
